android/app/build/intermediates/manifest_merge_blame_file/release/manifest-merger-blame-release-report.txt
1<?xml version="1.0" encoding="utf-8"?>
2<manifest xmlns:android="http://schemas.android.com/apk/res/android"
3    package="com.app" >
4
5    <uses-sdk
5-->src\main\AndroidManifest.xml:5:1-7:41
6        android:minSdkVersion="16"
6-->src\main\AndroidManifest.xml:6:9-35
7        android:targetSdkVersion="29" />
7-->src\main\AndroidManifest.xml:7:9-38
8
9    <uses-permission android:name="android.permission.INTERNET" />
9-->src\main\AndroidManifest.xml:4:5-67
9-->src\main\AndroidManifest.xml:4:22-64
10    <uses-permission android:name="android.permission.CAMERA" />
10-->[:react-native-torch] AndroidManifest.xml:11:5-65
10-->[:react-native-torch] AndroidManifest.xml:11:22-62
11    <uses-permission android:name="android.permission.FLASHLIGHT" />
11-->[:react-native-torch] AndroidManifest.xml:12:5-69
11-->[:react-native-torch] AndroidManifest.xml:12:22-66
12
13    <application
13-->src\main\AndroidManifest.xml:11:5-31:19
14        android:name="com.app.MainApplication"
14-->src\main\AndroidManifest.xml:13:7-38
15        android:allowBackup="false"
15-->src\main\AndroidManifest.xml:17:7-34
16        android:appComponentFactory="androidx.core.app.CoreComponentFactory"
16-->[androidx.core:core:1.1.0] AndroidManifest.xml:24:18-86
17        android:icon="@mipmap/ic_launcher"
17-->src\main\AndroidManifest.xml:15:7-41
18        android:label="@string/app_name"
18-->src\main\AndroidManifest.xml:14:7-39
19        android:roundIcon="@mipmap/ic_launcher_round"
19-->src\main\AndroidManifest.xml:16:7-52
20        android:theme="@style/AppTheme" >
20-->src\main\AndroidManifest.xml:18:7-38
21        <activity
21-->src\main\AndroidManifest.xml:19:7-29:18
22            android:name="com.app.MainActivity"
22-->src\main\AndroidManifest.xml:20:9-37
23            android:configChanges="keyboard|keyboardHidden|orientation|screenSize|uiMode"
23-->src\main\AndroidManifest.xml:22:9-86
24            android:label="@string/app_name"
24-->src\main\AndroidManifest.xml:21:9-41
25            android:launchMode="singleTask"
25-->src\main\AndroidManifest.xml:23:9-40
26            android:windowSoftInputMode="adjustResize" >
26-->src\main\AndroidManifest.xml:24:9-51
27            <intent-filter>
27-->src\main\AndroidManifest.xml:25:9-28:25
28                <action android:name="android.intent.action.MAIN" />
28-->src\main\AndroidManifest.xml:26:13-65
28-->src\main\AndroidManifest.xml:26:21-62
29
30                <category android:name="android.intent.category.LAUNCHER" />
30-->src\main\AndroidManifest.xml:27:13-73
30-->src\main\AndroidManifest.xml:27:23-70
31            </intent-filter>
32        </activity>
33        <activity android:name="com.facebook.react.devsupport.DevSettingsActivity" />
33-->src\main\AndroidManifest.xml:30:7-84
33-->src\main\AndroidManifest.xml:30:17-81
34    </application>
35
36</manifest>